'http://josd.github.io/ns#easter'(2021,[4,4]) => true.
'http://josd.github.io/ns#easter'(2022,[4,17]) => true.
'http://josd.github.io/ns#easter'(2023,[4,9]) => true.
'http://josd.github.io/ns#easter'(2024,[3,31]) => true.
'http://josd.github.io/ns#easter'(2025,[4,20]) => true.
'http://josd.github.io/ns#easter'(2026,[4,5]) => true.
'http://josd.github.io/ns#easter'(2027,[3,28]) => true.
'http://josd.github.io/ns#easter'(2028,[4,16]) => true.
'http://josd.github.io/ns#easter'(2029,[4,1]) => true.
'http://josd.github.io/ns#easter'(2030,[4,21]) => true.
'http://josd.github.io/ns#easter'(2031,[4,13]) => true.
'http://josd.github.io/ns#easter'(2032,[3,28]) => true.
'http://josd.github.io/ns#easter'(2033,[4,17]) => true.
'http://josd.github.io/ns#easter'(2034,[4,9]) => true.
'http://josd.github.io/ns#easter'(2035,[3,25]) => true.
'http://josd.github.io/ns#easter'(2036,[4,13]) => true.
'http://josd.github.io/ns#easter'(2037,[4,5]) => true.
'http://josd.github.io/ns#easter'(2038,[4,25]) => true.
'http://josd.github.io/ns#easter'(2039,[4,10]) => true.
'http://josd.github.io/ns#easter'(2040,[4,1]) => true.
'http://josd.github.io/ns#easter'(2041,[4,21]) => true.
'http://josd.github.io/ns#easter'(2042,[4,6]) => true.
'http://josd.github.io/ns#easter'(2043,[3,29]) => true.
'http://josd.github.io/ns#easter'(2044,[4,17]) => true.
'http://josd.github.io/ns#easter'(2045,[4,9]) => true.
'http://josd.github.io/ns#easter'(2046,[3,25]) => true.
'http://josd.github.io/ns#easter'(2047,[4,14]) => true.
'http://josd.github.io/ns#easter'(2048,[4,5]) => true.
'http://josd.github.io/ns#easter'(2049,[4,18]) => true.
'http://josd.github.io/ns#easter'(2050,[4,10]) => true.
