'https://knowledgeonwebscale.github.io/ns#lemma'('https://knowledgeonwebscale.github.io/ns#oneway'('http://example.org/ns#paris','http://example.org/ns#orleans'),'https://knowledgeonwebscale.github.io/ns#path'('http://example.org/ns#paris','http://example.org/ns#orleans')).
'https://knowledgeonwebscale.github.io/ns#lemma'('https://knowledgeonwebscale.github.io/ns#oneway'('http://example.org/ns#paris','http://example.org/ns#chartres'),'https://knowledgeonwebscale.github.io/ns#path'('http://example.org/ns#paris','http://example.org/ns#chartres')).
'https://knowledgeonwebscale.github.io/ns#lemma'('https://knowledgeonwebscale.github.io/ns#oneway'('http://example.org/ns#paris','http://example.org/ns#amiens'),'https://knowledgeonwebscale.github.io/ns#path'('http://example.org/ns#paris','http://example.org/ns#amiens')).
'https://knowledgeonwebscale.github.io/ns#lemma'('https://knowledgeonwebscale.github.io/ns#oneway'('http://example.org/ns#orleans','http://example.org/ns#blois'),'https://knowledgeonwebscale.github.io/ns#path'('http://example.org/ns#orleans','http://example.org/ns#blois')).
'https://knowledgeonwebscale.github.io/ns#lemma'('https://knowledgeonwebscale.github.io/ns#oneway'('http://example.org/ns#orleans','http://example.org/ns#bourges'),'https://knowledgeonwebscale.github.io/ns#path'('http://example.org/ns#orleans','http://example.org/ns#bourges')).
'https://knowledgeonwebscale.github.io/ns#lemma'('https://knowledgeonwebscale.github.io/ns#oneway'('http://example.org/ns#blois','http://example.org/ns#tours'),'https://knowledgeonwebscale.github.io/ns#path'('http://example.org/ns#blois','http://example.org/ns#tours')).
'https://knowledgeonwebscale.github.io/ns#lemma'('https://knowledgeonwebscale.github.io/ns#oneway'('http://example.org/ns#chartres','http://example.org/ns#lemans'),'https://knowledgeonwebscale.github.io/ns#path'('http://example.org/ns#chartres','http://example.org/ns#lemans')).
'https://knowledgeonwebscale.github.io/ns#lemma'('https://knowledgeonwebscale.github.io/ns#oneway'('http://example.org/ns#lemans','http://example.org/ns#angers'),'https://knowledgeonwebscale.github.io/ns#path'('http://example.org/ns#lemans','http://example.org/ns#angers')).
'https://knowledgeonwebscale.github.io/ns#lemma'('https://knowledgeonwebscale.github.io/ns#oneway'('http://example.org/ns#lemans','http://example.org/ns#tours'),'https://knowledgeonwebscale.github.io/ns#path'('http://example.org/ns#lemans','http://example.org/ns#tours')).
'https://knowledgeonwebscale.github.io/ns#lemma'('https://knowledgeonwebscale.github.io/ns#oneway'('http://example.org/ns#angers','http://example.org/ns#nantes'),'https://knowledgeonwebscale.github.io/ns#path'('http://example.org/ns#angers','http://example.org/ns#nantes')).
'https://knowledgeonwebscale.github.io/ns#lemma'(('https://knowledgeonwebscale.github.io/ns#path'('http://example.org/ns#lemans','http://example.org/ns#angers'),'https://knowledgeonwebscale.github.io/ns#path'('http://example.org/ns#angers','http://example.org/ns#nantes')),'https://knowledgeonwebscale.github.io/ns#path'('http://example.org/ns#lemans','http://example.org/ns#nantes')).
'https://knowledgeonwebscale.github.io/ns#lemma'(('https://knowledgeonwebscale.github.io/ns#path'('http://example.org/ns#chartres','http://example.org/ns#lemans'),'https://knowledgeonwebscale.github.io/ns#path'('http://example.org/ns#lemans','http://example.org/ns#nantes')),'https://knowledgeonwebscale.github.io/ns#path'('http://example.org/ns#chartres','http://example.org/ns#nantes')).
'https://knowledgeonwebscale.github.io/ns#lemma'(('https://knowledgeonwebscale.github.io/ns#path'('http://example.org/ns#chartres','http://example.org/ns#lemans'),'https://knowledgeonwebscale.github.io/ns#path'('http://example.org/ns#lemans','http://example.org/ns#tours')),'https://knowledgeonwebscale.github.io/ns#path'('http://example.org/ns#chartres','http://example.org/ns#tours')).
'https://knowledgeonwebscale.github.io/ns#lemma'(('https://knowledgeonwebscale.github.io/ns#path'('http://example.org/ns#chartres','http://example.org/ns#lemans'),'https://knowledgeonwebscale.github.io/ns#path'('http://example.org/ns#lemans','http://example.org/ns#angers')),'https://knowledgeonwebscale.github.io/ns#path'('http://example.org/ns#chartres','http://example.org/ns#angers')).
'https://knowledgeonwebscale.github.io/ns#lemma'(('https://knowledgeonwebscale.github.io/ns#path'('http://example.org/ns#orleans','http://example.org/ns#blois'),'https://knowledgeonwebscale.github.io/ns#path'('http://example.org/ns#blois','http://example.org/ns#tours')),'https://knowledgeonwebscale.github.io/ns#path'('http://example.org/ns#orleans','http://example.org/ns#tours')).
'https://knowledgeonwebscale.github.io/ns#lemma'(('https://knowledgeonwebscale.github.io/ns#path'('http://example.org/ns#paris','http://example.org/ns#chartres'),'https://knowledgeonwebscale.github.io/ns#path'('http://example.org/ns#chartres','http://example.org/ns#angers')),'https://knowledgeonwebscale.github.io/ns#path'('http://example.org/ns#paris','http://example.org/ns#angers')).
'https://knowledgeonwebscale.github.io/ns#lemma'(('https://knowledgeonwebscale.github.io/ns#path'('http://example.org/ns#paris','http://example.org/ns#chartres'),'https://knowledgeonwebscale.github.io/ns#path'('http://example.org/ns#chartres','http://example.org/ns#tours')),'https://knowledgeonwebscale.github.io/ns#path'('http://example.org/ns#paris','http://example.org/ns#tours')).
'https://knowledgeonwebscale.github.io/ns#lemma'(('https://knowledgeonwebscale.github.io/ns#path'('http://example.org/ns#paris','http://example.org/ns#chartres'),'https://knowledgeonwebscale.github.io/ns#path'('http://example.org/ns#chartres','http://example.org/ns#nantes')),'https://knowledgeonwebscale.github.io/ns#path'('http://example.org/ns#paris','http://example.org/ns#nantes')).
'https://knowledgeonwebscale.github.io/ns#lemma'(('https://knowledgeonwebscale.github.io/ns#path'('http://example.org/ns#paris','http://example.org/ns#chartres'),'https://knowledgeonwebscale.github.io/ns#path'('http://example.org/ns#chartres','http://example.org/ns#lemans')),'https://knowledgeonwebscale.github.io/ns#path'('http://example.org/ns#paris','http://example.org/ns#lemans')).
'https://knowledgeonwebscale.github.io/ns#lemma'(('https://knowledgeonwebscale.github.io/ns#path'('http://example.org/ns#paris','http://example.org/ns#orleans'),'https://knowledgeonwebscale.github.io/ns#path'('http://example.org/ns#orleans','http://example.org/ns#bourges')),'https://knowledgeonwebscale.github.io/ns#path'('http://example.org/ns#paris','http://example.org/ns#bourges')).
'https://knowledgeonwebscale.github.io/ns#lemma'(('https://knowledgeonwebscale.github.io/ns#path'('http://example.org/ns#paris','http://example.org/ns#orleans'),'https://knowledgeonwebscale.github.io/ns#path'('http://example.org/ns#orleans','http://example.org/ns#blois')),'https://knowledgeonwebscale.github.io/ns#path'('http://example.org/ns#paris','http://example.org/ns#blois')).
'https://knowledgeonwebscale.github.io/ns#path'('http://example.org/ns#paris','http://example.org/ns#nantes') => true.
'https://knowledgeonwebscale.github.io/ns#path'('http://example.org/ns#chartres','http://example.org/ns#nantes') => true.
'https://knowledgeonwebscale.github.io/ns#path'('http://example.org/ns#lemans','http://example.org/ns#nantes') => true.
'https://knowledgeonwebscale.github.io/ns#path'('http://example.org/ns#angers','http://example.org/ns#nantes') => true.
